<?xml version="1.0" encoding="UTF-8"?>
<!-- Generated by org.testng.reporters.JUnitXMLReporter -->
<testsuite ignored="0" hostname="DESKTOP-QKLBAMQ" failures="0" tests="1" name="carLoanTest" time="0.019" errors="0" timestamp="2022-10-28T12:06:19 IST">
  <testcase classname="com.itview.TestNG.CarLoan_Test" name="@BeforeTest beforeTest" time="0.0">
    <failure type="java.io.FileNotFoundException" message=".\Configuration\config.properties (The system cannot find the path specified)">
      <![CDATA[java.io.FileNotFoundException: .\Configuration\config.properties (The system cannot find the path specified)
at java.base/java.io.FileInputStream.open0(Native Method)
at java.base/java.io.FileInputStream.open(FileInputStream.java:216)
at java.base/java.io.FileInputStream.<init>(FileInputStream.java:157)
at java.base/java.io.FileInputStream.<init>(FileInputStream.java:111)
at itviewFramework_PageObj.TestBase.readPropertiesFile(TestBase.java:64)
at com.itview.TestNG.CarLoan_Test.beforeTest(CarLoan_Test.java:17)
... Removed 24 stack frames]]>
    </failure>
  </testcase> <!-- @BeforeTest beforeTest -->
  <testcase classname="com.itview.TestNG.CarLoan_Test" name="@AfterTest afterTest" time="0.0">
    <skipped/>
  </testcase> <!-- @AfterTest afterTest -->
  <testcase classname="com.itview.TestNG.CarLoan_Test" name="f" time="0.0">
    <skipped/>
  </testcase> <!-- f -->
</testsuite> <!-- carLoanTest -->
